<?xml version="1.0" encoding="UTF-8"?>
<!-- Generated by org.testng.reporters.JUnitXMLReporter -->
<testsuite ignored="0" hostname="DESKTOP-93B8F71" failures="1" tests="3" name="Default test" time="28.837" errors="0" timestamp="2022-11-14T18:09:56 EST">
  <testcase classname="io.cucumber.testng.AbstractTestNGCucumberTests" name="runScenario" time="16.064">
    <failure type="java.lang.AssertionError" message="expected [No data] but found [Tomato]">
      <![CDATA[java.lang.AssertionError: expected [No data] but found [Tomato]
at org.testng.Assert.fail(Assert.java:110)
at org.testng.Assert.failNotEquals(Assert.java:1413)
at org.testng.Assert.assertEqualsImpl(Assert.java:149)
at org.testng.Assert.assertEquals(Assert.java:131)
at org.testng.Assert.assertEquals(Assert.java:655)
at org.testng.Assert.assertEquals(Assert.java:665)
at stepDefinations.offerpageStepDefination.validate_product_name_in_offer_page_matches_with_landing_page(offerpageStepDefination.java:39)
at âœ½.validate product name in offer page matches with landing page(file:///C:/Users/naimt/eclipse-workspace/cucumberframework/src/test/java/features/searchProduct.feature:26)
]]>
    </failure>
  </testcase> <!-- runScenario -->
  <testcase classname="io.cucumber.testng.AbstractTestNGCucumberTests" name="runScenario" time="16.524"/>
  <testcase classname="io.cucumber.testng.AbstractTestNGCucumberTests" name="runScenario" time="26.773"/>
</testsuite> <!-- Default test -->
